<?xml version="1.0" encoding="UTF-8"?>
<!-- Generated by org.testng.reporters.JUnitXMLReporter -->
<testsuite ignored="0" hostname="LAPTOP-ODC9LKHR" failures="0" tests="3" name="Default test" time="0.065" errors="0" timestamp="2021-08-30T20:00:20 IST">
  <testcase classname="com.vtiger.products.assertion.java.Git2" name="createOrgTest" time="0.008"/>
  <testcase classname="com.vtiger.products.assertion.java.Git2" name="createOrgTestWithRatingTest" time="0.001"/>
  <testcase classname="com.vtiger.products.assertion.java.Git2" name="createOrgWithIndustriesTest" time="0.001"/>
</testsuite> <!-- Default test -->
