<?xml version="1.0" encoding="UTF-8"?>
<!-- Generated by org.testng.reporters.JUnitXMLReporter -->
<testsuite ignored="2" hostname="LAPTOP-ODC9LKHR" failures="0" tests="1" name="Default test" time="0.049" errors="0" timestamp="2021-08-30T20:38:45 IST">
  <testcase classname="com.vtiger.products.assertion.java.Git2" name="createOrgTest" time="0.007"/>
  <testcase classname="com.vtiger.products.assertion.java.Git2" name="createOrgTestWithRatingTest" time="0.0">
    <ignored/>
  </testcase> <!-- createOrgTestWithRatingTest -->
  <testcase classname="com.vtiger.products.assertion.java.Git2" name="createOrgWithIndustriesTest" time="0.0">
    <ignored/>
  </testcase> <!-- createOrgWithIndustriesTest -->
</testsuite> <!-- Default test -->
