<?xml version="1.0" encoding="UTF-8"?>
<!-- Generated by org.testng.reporters.JUnitXMLReporter -->
<testsuite ignored="0" hostname="LAPTOP-ODC9LKHR" failures="0" tests="7" name="Test" time="267.323" errors="0" timestamp="2021-08-27T17:42:15 IST">
  <testcase classname="com.vtiger.products.assertion.java.TC_SearchProductTest" name="SearchProductBypartno" time="44.578"/>
  <testcase classname="com.vtiger.products.assertion.java.TC_SearchProductTest" name="SearchProductByproductname" time="9.284"/>
  <testcase classname="com.vtiger.products.assertion.java.TC_SearchProductTest" name="SearchProductByproductno" time="21.343"/>
  <testcase classname="com.vtiger.products.assertion.java.TC_SearchProductTest" name="SearchProductByqtybyunit" time="36.273"/>
  <testcase classname="com.vtiger.products.assertion.java.TC_SearchProductTest" name="SearchProductByunitPriceTest" time="43.782"/>
  <testcase classname="com.vtiger.products.assertion.java.TC_SearchProductTest" name="SearchProductbyCommisionRate" time="36.324"/>
  <testcase classname="com.vtiger.products.assertion.java.TC_SearchProductTest" name="SearchProductbyQtyinstock" time="36.696"/>
</testsuite> <!-- Test -->
