<?xml version="1.0" encoding="UTF-8"?>
<testng-results ignored="2" total="3" passed="1" failed="0" skipped="0">
  <reporter-output>
  </reporter-output>
  <suite started-at="2021-08-30T20:38:45 IST" name="Default suite" finished-at="2021-08-30T20:38:45 IST" duration-ms="49">
    <groups>
    </groups>
    <test started-at="2021-08-30T20:38:45 IST" name="Default test" finished-at="2021-08-30T20:38:45 IST" duration-ms="49">
      <class name="com.vtiger.products.assertion.java.Git2">
        <test-method signature="createOrgTest()[pri:0, instance:com.vtiger.products.assertion.java.Git2@6fe7aac8]" started-at="2021-08-30T20:38:45 IST" name="createOrgTest" finished-at="2021-08-30T20:38:45 IST" duration-ms="7" status="PASS">
          <reporter-output>
          </reporter-output>
        </test-method> <!-- createOrgTest -->
      </class> <!-- com.vtiger.products.assertion.java.Git2 -->
    </test> <!-- Default test -->
  </suite> <!-- Default suite -->
</testng-results>
